{"level":"info","message":{"duration":"18 ms","method":"GET","params":{},"path":"/","query":{},"status":200},"timestamp":"2025-01-27T11:11:16.282Z"}
{"level":"info","message":{"duration":"7 ms","method":"GET","path":"/styles/style.css","query":{},"status":404},"timestamp":"2025-01-27T11:11:16.344Z"}
{"level":"info","message":{"duration":"8 ms","method":"GET","params":{},"path":"/","query":{},"status":304},"timestamp":"2025-01-27T11:12:00.262Z"}
{"level":"info","message":{"duration":"6 ms","method":"GET","path":"/styles/style.css","query":{},"status":404},"timestamp":"2025-01-27T11:12:00.301Z"}
{"level":"info","message":{"duration":"1 ms","method":"GET","params":{},"path":"/","query":{},"status":304},"timestamp":"2025-01-27T11:12:02.578Z"}
{"level":"info","message":{"duration":"1 ms","method":"GET","path":"/styles/style.css","query":{},"status":404},"timestamp":"2025-01-27T11:12:02.596Z"}
{"level":"info","message":{"duration":"3 ms","method":"GET","params":{},"path":"/","query":{},"status":304},"timestamp":"2025-01-27T11:12:04.946Z"}
{"level":"info","message":{"duration":"2 ms","method":"GET","path":"/styles/style.css","query":{},"status":404},"timestamp":"2025-01-27T11:12:04.968Z"}
{"level":"info","message":{"duration":"10 ms","method":"GET","params":{},"path":"/","query":{},"status":200},"timestamp":"2025-01-27T11:14:39.381Z"}
{"level":"info","message":{"duration":"4 ms","method":"GET","path":"/styles/style.css","query":{},"status":404},"timestamp":"2025-01-27T11:14:39.413Z"}
{"level":"info","message":{"duration":"3 ms","method":"GET","params":{},"path":"/","query":{},"status":304},"timestamp":"2025-01-27T11:14:59.221Z"}
{"level":"info","message":{"duration":"3 ms","method":"GET","path":"/styles/style.css","query":{},"status":404},"timestamp":"2025-01-27T11:14:59.308Z"}
{"level":"info","message":{"duration":"6 ms","method":"GET","params":{},"path":"/","query":{},"status":304},"timestamp":"2025-01-27T11:15:55.535Z"}
{"level":"info","message":{"duration":"4 ms","method":"GET","path":"/styles/style.css","query":{},"status":404},"timestamp":"2025-01-27T11:15:55.565Z"}
{"level":"info","message":{"duration":"2 ms","method":"GET","params":{},"path":"/","query":{},"status":304},"timestamp":"2025-01-27T11:16:38.655Z"}
{"level":"info","message":{"duration":"3 ms","method":"GET","path":"/styles/style.css","query":{},"status":404},"timestamp":"2025-01-27T11:16:38.692Z"}
{"level":"info","message":{"duration":"4 ms","method":"GET","params":{},"path":"/","query":{},"status":304},"timestamp":"2025-01-27T11:16:48.737Z"}
{"level":"info","message":{"duration":"5 ms","method":"GET","path":"/styles/style.css","query":{},"status":404},"timestamp":"2025-01-27T11:16:48.764Z"}
{"level":"info","message":{"duration":"2 ms","method":"GET","params":{},"path":"/","query":{},"status":304},"timestamp":"2025-01-27T11:16:51.195Z"}
{"level":"info","message":{"duration":"4 ms","method":"GET","path":"/styles/style.css","query":{},"status":404},"timestamp":"2025-01-27T11:16:51.228Z"}
{"level":"info","message":{"duration":"7 ms","method":"GET","params":{},"path":"/","query":{},"status":304},"timestamp":"2025-01-27T11:21:24.417Z"}
{"level":"info","message":{"duration":"4 ms","method":"GET","path":"/styles/style.css","query":{},"status":404},"timestamp":"2025-01-27T11:21:24.447Z"}
{"level":"info","message":{"duration":"2 ms","method":"GET","params":{},"path":"/","query":{},"status":304},"timestamp":"2025-01-27T11:21:27.339Z"}
{"level":"info","message":{"duration":"4 ms","method":"GET","path":"/styles/style.css","query":{},"status":404},"timestamp":"2025-01-27T11:21:27.368Z"}
{"level":"info","message":{"duration":"5 ms","method":"GET","params":{},"path":"/","query":{},"status":304},"timestamp":"2025-01-27T11:22:52.807Z"}
{"level":"info","message":{"duration":"9 ms","method":"GET","path":"/styles/style.css","query":{},"status":404},"timestamp":"2025-01-27T11:22:52.840Z"}
{"level":"info","message":{"duration":"2 ms","method":"GET","params":{},"path":"/","query":{},"status":304},"timestamp":"2025-01-27T11:22:55.118Z"}
{"level":"info","message":{"duration":"3 ms","method":"GET","path":"/styles/style.css","query":{},"status":404},"timestamp":"2025-01-27T11:22:55.144Z"}
{"level":"info","message":{"duration":"5 ms","method":"GET","params":{},"path":"/","query":{},"status":200},"timestamp":"2025-01-27T11:23:55.992Z"}
{"level":"info","message":{"duration":"2 ms","method":"GET","path":"/styles/style.css","query":{},"status":404},"timestamp":"2025-01-27T11:23:56.022Z"}
{"level":"info","message":{"duration":"1 ms","method":"GET","path":"/favicon.ico","query":{},"status":404},"timestamp":"2025-01-27T11:23:56.768Z"}
{"level":"info","message":{"duration":"12 ms","method":"GET","params":{},"path":"/","query":{},"status":200},"timestamp":"2025-01-27T11:27:45.879Z"}
{"level":"info","message":{"duration":"5 ms","method":"GET","path":"/styles/style.css","query":{},"status":404},"timestamp":"2025-01-27T11:27:45.906Z"}
{"level":"info","message":{"duration":"1 ms","method":"GET","path":"/favicon.ico","query":{},"status":404},"timestamp":"2025-01-27T11:27:46.826Z"}
{"level":"info","message":{"duration":"2 ms","method":"GET","params":{},"path":"/","query":{},"status":304},"timestamp":"2025-01-27T11:27:48.709Z"}
{"level":"info","message":{"duration":"2 ms","method":"GET","path":"/styles/style.css","query":{},"status":404},"timestamp":"2025-01-27T11:27:48.735Z"}
{"level":"info","message":{"duration":"32 ms","method":"GET","params":{},"path":"/","query":{},"status":200},"timestamp":"2025-01-27T11:29:25.361Z"}
{"level":"info","message":{"duration":"9 ms","method":"GET","path":"/styles/style.css","query":{},"status":404},"timestamp":"2025-01-27T11:29:25.446Z"}
{"level":"info","message":{"duration":"11 ms","method":"GET","params":{},"path":"/","query":{},"status":200},"timestamp":"2025-01-27T11:30:33.295Z"}
{"level":"info","message":{"duration":"3 ms","method":"GET","path":"/images/Event_Hub3-removebg-preview.png","query":{},"status":404},"timestamp":"2025-01-27T11:30:33.339Z"}
{"level":"info","message":{"duration":"8 ms","method":"GET","params":{},"path":"/styles.css","query":{},"status":200},"timestamp":"2025-01-27T11:30:33.341Z"}
{"level":"info","message":{"duration":"3 ms","method":"GET","params":{},"path":"/settings.html","query":{},"status":200},"timestamp":"2025-01-27T11:30:50.165Z"}
{"level":"info","message":{"duration":"7 ms","method":"GET","params":{},"path":"/setStyle.css","query":{},"status":200},"timestamp":"2025-01-27T11:30:50.209Z"}
{"level":"info","message":{"duration":"10 ms","method":"GET","params":{},"path":"/setApp.js","query":{},"status":200},"timestamp":"2025-01-27T11:30:50.214Z"}
{"level":"info","message":{"duration":"13 ms","method":"GET","params":{},"path":"/all.min.css","query":{},"status":200},"timestamp":"2025-01-27T11:30:50.216Z"}
{"level":"info","message":{"duration":"2 ms","method":"GET","path":"/img/bg.jpg","query":{},"status":404},"timestamp":"2025-01-27T11:30:50.722Z"}
{"level":"info","message":{"duration":"18 ms","method":"GET","params":{},"path":"/","query":{},"status":304},"timestamp":"2025-01-27T12:10:48.765Z"}
{"level":"info","message":{"duration":"6 ms","method":"GET","params":{},"path":"/styles.css","query":{},"status":304},"timestamp":"2025-01-27T12:10:48.800Z"}
{"level":"info","message":{"duration":"14 ms","method":"GET","path":"/images/Event_Hub3-removebg-preview.png","query":{},"status":404},"timestamp":"2025-01-27T12:10:48.811Z"}
{"level":"info","message":{"duration":"3 ms","method":"GET","params":{},"path":"/settings.html","query":{},"status":200},"timestamp":"2025-01-27T12:10:57.152Z"}
{"level":"info","message":{"duration":"3 ms","method":"GET","params":{},"path":"/setStyle.css","query":{},"status":200},"timestamp":"2025-01-27T12:10:57.202Z"}
{"level":"info","message":{"duration":"4 ms","method":"GET","params":{},"path":"/all.min.css","query":{},"status":304},"timestamp":"2025-01-27T12:10:57.211Z"}
{"level":"info","message":{"duration":"5 ms","method":"GET","params":{},"path":"/setApp.js","query":{},"status":200},"timestamp":"2025-01-27T12:10:57.220Z"}
{"level":"info","message":{"duration":"3 ms","method":"GET","path":"/img/bg.jpg","query":{},"status":404},"timestamp":"2025-01-27T12:10:57.249Z"}
